# JRE version: OpenJDK Runtime Environment (11.0.2+9) (build 11.0.2+9)
# Java VM: OpenJDK 64-Bit Server VM (11.0.2+9, mixed mode, tiered, compressed oops, g1 gc, linux-amd64)
Heap:
 garbage-first heap   total 424960K, used 254248K [0x00000000c2c00000, 0x0000000100000000)
  region size 1024K, 0 young (0K), 0 survivors (0K)
 Metaspace       used 17690K, capacity 18345K, committed 19200K, reserved 1067008K
  class space    used 1676K, capacity 1988K, committed 2304K, reserved 1048576K
GC Heap History (10 events):
Event: 1358.526 GC heap after
{Heap after GC invocations=7936 (full 32):
 garbage-first heap   total 331776K, used 191321K [0x00000000c2c00000, 0x0000000100000000)
  region size 1024K, 1 young (1024K), 1 survivors (1024K)
 Metaspace       used 17621K, capacity 18225K, committed 19200K, reserved 1067008K
  class space    used 1666K, capacity 1948K, committed 2304K, reserved 1048576K
}
Event: 1358.530 GC heap before
{Heap before GC invocations=7936 (full 32):
 garbage-first heap   total 331776K, used 199513K [0x00000000c2c00000, 0x0000000100000000)
  region size 1024K, 2 young (2048K), 1 survivors (1024K)
 Metaspace       used 17621K, capacity 18225K, committed 19200K, reserved 1067008K
  class space    used 1666K, capacity 1948K, committed 2304K, reserved 1048576K
}
Event: 1358.556 GC heap after
{Heap after GC invocations=7937 (full 33):
 garbage-first heap   total 331776K, used 191248K [0x00000000c2c00000, 0x0000000100000000)
  region size 1024K, 0 young (0K), 0 survivors (0K)
 Metaspace       used 17621K, capacity 18225K, committed 19200K, reserved 1067008K
  class space    used 1666K, capacity 1948K, committed 2304K, reserved 1048576K
}
Event: 1397.350 GC heap before
{Heap before GC invocations=7937 (full 33):
 garbage-first heap   total 331776K, used 207632K [0x00000000c2c00000, 0x0000000100000000)
  region size 1024K, 17 young (17408K), 0 survivors (0K)
 Metaspace       used 17681K, capacity 18345K, committed 19200K, reserved 1067008K
  class space    used 1675K, capacity 1988K, committed 2304K, reserved 1048576K
}
Event: 1397.353 GC heap after
{Heap after GC invocations=7938 (full 33):
 garbage-first heap   total 331776K, used 199004K [0x00000000c2c00000, 0x0000000100000000)
  region size 1024K, 8 young (8192K), 8 survivors (8192K)
 Metaspace       used 17681K, capacity 18345K, committed 19200K, reserved 1067008K
  class space    used 1675K, capacity 1988K, committed 2304K, reserved 1048576K
}
Event: 1397.377 GC heap before
{Heap before GC invocations=7939 (full 33):
 garbage-first heap   total 331776K, used 211292K [0x00000000c2c00000, 0x0000000100000000)
  region size 1024K, 9 young (9216K), 8 survivors (8192K)
 Metaspace       used 17688K, capacity 18345K, committed 19200K, reserved 1067008K
  class space    used 1676K, capacity 1988K, committed 2304K, reserved 1048576K
}
Event: 1397.379 GC heap after
{Heap after GC invocations=7940 (full 33):
 garbage-first heap   total 331776K, used 211300K [0x00000000c2c00000, 0x0000000100000000)
  region size 1024K, 1 young (1024K), 1 survivors (1024K)
 Metaspace       used 17688K, capacity 18345K, committed 19200K, reserved 1067008K
  class space    used 1676K, capacity 1988K, committed 2304K, reserved 1048576K
}
Event: 1397.443 GC heap before
{Heap before GC invocations=7941 (full 33):
 garbage-first heap   total 331776K, used 259428K [0x00000000c2c00000, 0x0000000100000000)
  region size 1024K, 2 young (2048K), 1 survivors (1024K)
 Metaspace       used 17688K, capacity 18345K, committed 19200K, reserved 1067008K
  class space    used 1676K, capacity 1988K, committed 2304K, reserved 1048576K
}
Event: 1397.444 GC heap after
{Heap after GC invocations=7942 (full 33):
 garbage-first heap   total 331776K, used 257338K [0x00000000c2c00000, 0x0000000100000000)
  region size 1024K, 1 young (1024K), 1 survivors (1024K)
 Metaspace       used 17688K, capacity 18345K, committed 19200K, reserved 1067008K
  class space    used 1676K, capacity 1988K, committed 2304K, reserved 1048576K
}
Event: 1397.499 GC heap before
{Heap before GC invocations=7943 (full 33):
 garbage-first heap   total 331776K, used 266554K [0x00000000c2c00000, 0x0000000100000000)
  region size 1024K, 3 young (3072K), 1 survivors (1024K)
 Metaspace       used 17690K, capacity 18345K, committed 19200K, reserved 1067008K
  class space    used 1676K, capacity 1988K, committed 2304K, reserved 1048576K
}

