# JRE version: OpenJDK Runtime Environment (11.0.2+9) (build 11.0.2+9)
# Java VM: OpenJDK 64-Bit Server VM (11.0.2+9, mixed mode, tiered, compressed oops, g1 gc, linux-amd64)
Heap:
 garbage-first heap   total 353280K, used 210073K [0x00000000c2c00000, 0x0000000100000000)
  region size 1024K, 0 young (0K), 0 survivors (0K)
 Metaspace       used 17562K, capacity 18346K, committed 18560K, reserved 1064960K
  class space    used 1744K, capacity 2084K, committed 2176K, reserved 1048576K
GC Heap History (10 events):
Event: 39.889 GC heap after
{Heap after GC invocations=525 (full 8):
 garbage-first heap   total 261120K, used 155258K [0x00000000c2c00000, 0x0000000100000000)
  region size 1024K, 0 young (0K), 0 survivors (0K)
 Metaspace       used 17488K, capacity 18162K, committed 18432K, reserved 1064960K
  class space    used 1735K, capacity 2044K, committed 2048K, reserved 1048576K
}
Event: 39.944 GC heap before
{Heap before GC invocations=525 (full 8):
 garbage-first heap   total 261120K, used 155258K [0x00000000c2c00000, 0x0000000100000000)
  region size 1024K, 1 young (1024K), 0 survivors (0K)
 Metaspace       used 17488K, capacity 18162K, committed 18432K, reserved 1064960K
  class space    used 1735K, capacity 2044K, committed 2048K, reserved 1048576K
}
Event: 39.950 GC heap after
{Heap after GC invocations=526 (full 8):
 garbage-first heap   total 261120K, used 155262K [0x00000000c2c00000, 0x0000000100000000)
  region size 1024K, 1 young (1024K), 1 survivors (1024K)
 Metaspace       used 17488K, capacity 18162K, committed 18432K, reserved 1064960K
  class space    used 1735K, capacity 2044K, committed 2048K, reserved 1048576K
}
Event: 62.606 GC heap before
{Heap before GC invocations=527 (full 8):
 garbage-first heap   total 261120K, used 155262K [0x00000000c2c00000, 0x0000000100000000)
  region size 1024K, 2 young (2048K), 1 survivors (1024K)
 Metaspace       used 17488K, capacity 18162K, committed 18432K, reserved 1064960K
  class space    used 1735K, capacity 2044K, committed 2048K, reserved 1048576K
}
Event: 62.620 GC heap after
{Heap after GC invocations=528 (full 9):
 garbage-first heap   total 261120K, used 147066K [0x00000000c2c00000, 0x0000000100000000)
  region size 1024K, 0 young (0K), 0 survivors (0K)
 Metaspace       used 17488K, capacity 18162K, committed 18432K, reserved 1064960K
  class space    used 1735K, capacity 2044K, committed 2048K, reserved 1048576K
}
Event: 79.056 GC heap before
{Heap before GC invocations=528 (full 9):
 garbage-first heap   total 261120K, used 163450K [0x00000000c2c00000, 0x0000000100000000)
  region size 1024K, 17 young (17408K), 0 survivors (0K)
 Metaspace       used 17551K, capacity 18346K, committed 18560K, reserved 1064960K
  class space    used 1744K, capacity 2084K, committed 2176K, reserved 1048576K
}
Event: 79.095 GC heap after
{Heap after GC invocations=529 (full 9):
 garbage-first heap   total 261120K, used 154831K [0x00000000c2c00000, 0x0000000100000000)
  region size 1024K, 8 young (8192K), 8 survivors (8192K)
 Metaspace       used 17551K, capacity 18346K, committed 18560K, reserved 1064960K
  class space    used 1744K, capacity 2084K, committed 2176K, reserved 1048576K
}
Event: 79.214 GC heap before
{Heap before GC invocations=530 (full 9):
 garbage-first heap   total 261120K, used 215247K [0x00000000c2c00000, 0x0000000100000000)
  region size 1024K, 9 young (9216K), 8 survivors (8192K)
 Metaspace       used 17556K, capacity 18346K, committed 18560K, reserved 1064960K
  class space    used 1744K, capacity 2084K, committed 2176K, reserved 1048576K
}
Event: 79.219 GC heap after
{Heap after GC invocations=531 (full 9):
 garbage-first heap   total 261120K, used 215252K [0x00000000c2c00000, 0x0000000100000000)
  region size 1024K, 1 young (1024K), 1 survivors (1024K)
 Metaspace       used 17556K, capacity 18346K, committed 18560K, reserved 1064960K
  class space    used 1744K, capacity 2084K, committed 2176K, reserved 1048576K
}
Event: 79.301 GC heap before
{Heap before GC invocations=532 (full 9):
 garbage-first heap   total 261120K, used 223444K [0x00000000c2c00000, 0x0000000100000000)
  region size 1024K, 3 young (3072K), 1 survivors (1024K)
 Metaspace       used 17562K, capacity 18346K, committed 18560K, reserved 1064960K
  class space    used 1744K, capacity 2084K, committed 2176K, reserved 1048576K
}

