# JRE version: OpenJDK Runtime Environment (11.0.2+9) (build 11.0.2+9)
# Java VM: OpenJDK 64-Bit Server VM (11.0.2+9, mixed mode, tiered, compressed oops, g1 gc, linux-amd64)
Heap:
 garbage-first heap   total 455680K, used 272933K [0x00000000c2c00000, 0x0000000100000000)
  region size 1024K, 0 young (0K), 0 survivors (0K)
 Metaspace       used 17534K, capacity 18231K, committed 18432K, reserved 1064960K
  class space    used 1740K, capacity 2039K, committed 2048K, reserved 1048576K
GC Heap History (10 events):
Event: 42.927 GC heap after
{Heap after GC invocations=338 (full 6):
 garbage-first heap   total 352256K, used 210065K [0x00000000c2c00000, 0x0000000100000000)
  region size 1024K, 1 young (1024K), 1 survivors (1024K)
 Metaspace       used 17503K, capacity 18167K, committed 18432K, reserved 1064960K
  class space    used 1740K, capacity 2039K, committed 2048K, reserved 1048576K
}
Event: 43.001 GC heap before
{Heap before GC invocations=339 (full 6):
 garbage-first heap   total 352256K, used 218257K [0x00000000c2c00000, 0x0000000100000000)
  region size 1024K, 2 young (2048K), 1 survivors (1024K)
 Metaspace       used 17503K, capacity 18167K, committed 18432K, reserved 1064960K
  class space    used 1740K, capacity 2039K, committed 2048K, reserved 1048576K
}
Event: 43.003 GC heap after
{Heap after GC invocations=340 (full 6):
 garbage-first heap   total 352256K, used 210063K [0x00000000c2c00000, 0x0000000100000000)
  region size 1024K, 1 young (1024K), 1 survivors (1024K)
 Metaspace       used 17503K, capacity 18167K, committed 18432K, reserved 1064960K
  class space    used 1740K, capacity 2039K, committed 2048K, reserved 1048576K
}
Event: 43.091 GC heap before
{Heap before GC invocations=341 (full 6):
 garbage-first heap   total 352256K, used 218255K [0x00000000c2c00000, 0x0000000100000000)
  region size 1024K, 2 young (2048K), 1 survivors (1024K)
 Metaspace       used 17503K, capacity 18167K, committed 18432K, reserved 1064960K
  class space    used 1740K, capacity 2039K, committed 2048K, reserved 1048576K
}
Event: 43.092 GC heap after
{Heap after GC invocations=342 (full 6):
 garbage-first heap   total 352256K, used 210063K [0x00000000c2c00000, 0x0000000100000000)
  region size 1024K, 1 young (1024K), 1 survivors (1024K)
 Metaspace       used 17503K, capacity 18167K, committed 18432K, reserved 1064960K
  class space    used 1740K, capacity 2039K, committed 2048K, reserved 1048576K
}
Event: 43.310 GC heap before
{Heap before GC invocations=343 (full 6):
 garbage-first heap   total 352256K, used 232591K [0x00000000c2c00000, 0x0000000100000000)
  region size 1024K, 16 young (16384K), 1 survivors (1024K)
 Metaspace       used 17529K, capacity 18231K, committed 18432K, reserved 1064960K
  class space    used 1740K, capacity 2039K, committed 2048K, reserved 1048576K
}
Event: 43.317 GC heap after
{Heap after GC invocations=344 (full 6):
 garbage-first heap   total 352256K, used 217783K [0x00000000c2c00000, 0x0000000100000000)
  region size 1024K, 8 young (8192K), 8 survivors (8192K)
 Metaspace       used 17529K, capacity 18231K, committed 18432K, reserved 1064960K
  class space    used 1740K, capacity 2039K, committed 2048K, reserved 1048576K
}
Event: 44.179 GC heap before
{Heap before GC invocations=345 (full 6):
 garbage-first heap   total 352256K, used 278199K [0x00000000c2c00000, 0x0000000100000000)
  region size 1024K, 9 young (9216K), 8 survivors (8192K)
 Metaspace       used 17529K, capacity 18231K, committed 18432K, reserved 1064960K
  class space    used 1740K, capacity 2039K, committed 2048K, reserved 1048576K
}
Event: 44.543 GC heap after
{Heap after GC invocations=346 (full 6):
 garbage-first heap   total 352256K, used 278191K [0x00000000c2c00000, 0x0000000100000000)
  region size 1024K, 1 young (1024K), 1 survivors (1024K)
 Metaspace       used 17529K, capacity 18231K, committed 18432K, reserved 1064960K
  class space    used 1740K, capacity 2039K, committed 2048K, reserved 1048576K
}
Event: 46.562 GC heap before
{Heap before GC invocations=347 (full 6):
 garbage-first heap   total 352256K, used 286383K [0x00000000c2c00000, 0x0000000100000000)
  region size 1024K, 4 young (4096K), 1 survivors (1024K)
 Metaspace       used 17534K, capacity 18231K, committed 18432K, reserved 1064960K
  class space    used 1740K, capacity 2039K, committed 2048K, reserved 1048576K
}

