# JRE version: OpenJDK Runtime Environment (11.0.2+9) (build 11.0.2+9)
# Java VM: OpenJDK 64-Bit Server VM (11.0.2+9, mixed mode, tiered, compressed oops, g1 gc, linux-amd64)
Heap:
 garbage-first heap   total 457728K, used 272615K [0x00000000c2c00000, 0x0000000100000000)
  region size 1024K, 0 young (0K), 0 survivors (0K)
 Metaspace       used 17772K, capacity 18394K, committed 19200K, reserved 1067008K
  class space    used 1687K, capacity 1968K, committed 2304K, reserved 1048576K
GC Heap History (10 events):
Event: 702.199 GC heap after
{Heap after GC invocations=1250 (full 24):
 garbage-first heap   total 353280K, used 209979K [0x00000000c2c00000, 0x0000000100000000)
  region size 1024K, 0 young (0K), 0 survivors (0K)
 Metaspace       used 18041K, capacity 18822K, committed 19200K, reserved 1067008K
  class space    used 1772K, capacity 2133K, committed 2304K, reserved 1048576K
}
Event: 702.220 GC heap before
{Heap before GC invocations=1250 (full 24):
 garbage-first heap   total 353280K, used 209979K [0x00000000c2c00000, 0x0000000100000000)
  region size 1024K, 1 young (1024K), 0 survivors (0K)
 Metaspace       used 18041K, capacity 18822K, committed 19200K, reserved 1067008K
  class space    used 1772K, capacity 2133K, committed 2304K, reserved 1048576K
}
Event: 702.222 GC heap after
{Heap after GC invocations=1251 (full 24):
 garbage-first heap   total 353280K, used 209981K [0x00000000c2c00000, 0x0000000100000000)
  region size 1024K, 1 young (1024K), 1 survivors (1024K)
 Metaspace       used 18041K, capacity 18822K, committed 19200K, reserved 1067008K
  class space    used 1772K, capacity 2133K, committed 2304K, reserved 1048576K
}
Event: 704.034 GC heap before
{Heap before GC invocations=1252 (full 24):
 garbage-first heap   total 353280K, used 218173K [0x00000000c2c00000, 0x0000000100000000)
  region size 1024K, 2 young (2048K), 1 survivors (1024K)
 Metaspace       used 18041K, capacity 18822K, committed 19200K, reserved 1067008K
  class space    used 1772K, capacity 2133K, committed 2304K, reserved 1048576K
}
Event: 704.053 GC heap after
{Heap after GC invocations=1253 (full 25):
 garbage-first heap   total 353280K, used 209976K [0x00000000c2c00000, 0x0000000100000000)
  region size 1024K, 0 young (0K), 0 survivors (0K)
 Metaspace       used 18041K, capacity 18822K, committed 19200K, reserved 1067008K
  class space    used 1772K, capacity 2133K, committed 2304K, reserved 1048576K
}
Event: 704.308 GC heap before
{Heap before GC invocations=1253 (full 25):
 garbage-first heap   total 353280K, used 224312K [0x00000000c2c00000, 0x0000000100000000)
  region size 1024K, 15 young (15360K), 0 survivors (0K)
 Metaspace       used 18089K, capacity 18886K, committed 19200K, reserved 1067008K
  class space    used 1772K, capacity 2133K, committed 2304K, reserved 1048576K
}
Event: 704.323 GC heap after
{Heap after GC invocations=1254 (full 25):
 garbage-first heap   total 353280K, used 217662K [0x00000000c2c00000, 0x0000000100000000)
  region size 1024K, 8 young (8192K), 8 survivors (8192K)
 Metaspace       used 18089K, capacity 18886K, committed 19200K, reserved 1067008K
  class space    used 1772K, capacity 2133K, committed 2304K, reserved 1048576K
}
Event: 704.440 GC heap before
{Heap before GC invocations=1255 (full 25):
 garbage-first heap   total 353280K, used 278078K [0x00000000c2c00000, 0x0000000100000000)
  region size 1024K, 9 young (9216K), 8 survivors (8192K)
 Metaspace       used 18089K, capacity 18886K, committed 19200K, reserved 1067008K
  class space    used 1772K, capacity 2133K, committed 2304K, reserved 1048576K
}
Event: 704.449 GC heap after
{Heap after GC invocations=1256 (full 25):
 garbage-first heap   total 353280K, used 278065K [0x00000000c2c00000, 0x0000000100000000)
  region size 1024K, 1 young (1024K), 1 survivors (1024K)
 Metaspace       used 18089K, capacity 18886K, committed 19200K, reserved 1067008K
  class space    used 1772K, capacity 2133K, committed 2304K, reserved 1048576K
}
Event: 704.671 GC heap before
{Heap before GC invocations=1257 (full 25):
 garbage-first heap   total 353280K, used 287281K [0x00000000c2c00000, 0x0000000100000000)
  region size 1024K, 3 young (3072K), 1 survivors (1024K)
 Metaspace       used 18089K, capacity 18886K, committed 19200K, reserved 1067008K
  class space    used 1772K, capacity 2133K, committed 2304K, reserved 1048576K
}

