# JRE version: OpenJDK Runtime Environment (11.0.2+9) (build 11.0.2+9)
# Java VM: OpenJDK 64-Bit Server VM (11.0.2+9, mixed mode, tiered, compressed oops, g1 gc, linux-amd64)
Heap:
 garbage-first heap   total 549888K, used 328544K [0x00000000c2c00000, 0x0000000100000000)
  region size 1024K, 0 young (0K), 0 survivors (0K)
 Metaspace       used 17225K, capacity 17891K, committed 18560K, reserved 1064960K
  class space    used 1664K, capacity 1926K, committed 2176K, reserved 1048576K
GC Heap History (10 events):
Event: 868.061 GC heap after
{Heap after GC invocations=94 (full 13):
 garbage-first heap   total 423936K, used 270727K [0x00000000c2c00000, 0x0000000100000000)
  region size 1024K, 8 young (8192K), 8 survivors (8192K)
 Metaspace       used 17187K, capacity 17825K, committed 18560K, reserved 1064960K
  class space    used 1664K, capacity 1926K, committed 2176K, reserved 1048576K
}
Event: 868.109 GC heap before
{Heap before GC invocations=95 (full 13):
 garbage-first heap   total 423936K, used 279943K [0x00000000c2c00000, 0x0000000100000000)
  region size 1024K, 10 young (10240K), 8 survivors (8192K)
 Metaspace       used 17188K, capacity 17825K, committed 18560K, reserved 1064960K
  class space    used 1664K, capacity 1926K, committed 2176K, reserved 1048576K
}
Event: 868.124 GC heap after
{Heap after GC invocations=96 (full 14):
 garbage-first heap   total 445440K, used 265612K [0x00000000c2c00000, 0x0000000100000000)
  region size 1024K, 0 young (0K), 0 survivors (0K)
 Metaspace       used 17188K, capacity 17825K, committed 18560K, reserved 1064960K
  class space    used 1664K, capacity 1926K, committed 2176K, reserved 1048576K
}
Event: 868.147 GC heap before
{Heap before GC invocations=96 (full 14):
 garbage-first heap   total 445440K, used 265612K [0x00000000c2c00000, 0x0000000100000000)
  region size 1024K, 1 young (1024K), 0 survivors (0K)
 Metaspace       used 17188K, capacity 17825K, committed 18560K, reserved 1064960K
  class space    used 1664K, capacity 1926K, committed 2176K, reserved 1048576K
}
Event: 868.148 GC heap after
{Heap after GC invocations=97 (full 14):
 garbage-first heap   total 445440K, used 265783K [0x00000000c2c00000, 0x0000000100000000)
  region size 1024K, 1 young (1024K), 1 survivors (1024K)
 Metaspace       used 17188K, capacity 17825K, committed 18560K, reserved 1064960K
  class space    used 1664K, capacity 1926K, committed 2176K, reserved 1048576K
}
Event: 874.586 GC heap before
{Heap before GC invocations=98 (full 14):
 garbage-first heap   total 445440K, used 288311K [0x00000000c2c00000, 0x0000000100000000)
  region size 1024K, 16 young (16384K), 1 survivors (1024K)
 Metaspace       used 17223K, capacity 17891K, committed 18560K, reserved 1064960K
  class space    used 1664K, capacity 1926K, committed 2176K, reserved 1048576K
}
Event: 874.591 GC heap after
{Heap after GC invocations=99 (full 14):
 garbage-first heap   total 445440K, used 273335K [0x00000000c2c00000, 0x0000000100000000)
  region size 1024K, 8 young (8192K), 8 survivors (8192K)
 Metaspace       used 17223K, capacity 17891K, committed 18560K, reserved 1064960K
  class space    used 1664K, capacity 1926K, committed 2176K, reserved 1048576K
}
Event: 874.693 GC heap before
{Heap before GC invocations=100 (full 14):
 garbage-first heap   total 445440K, used 333751K [0x00000000c2c00000, 0x0000000100000000)
  region size 1024K, 9 young (9216K), 8 survivors (8192K)
 Metaspace       used 17225K, capacity 17891K, committed 18560K, reserved 1064960K
  class space    used 1664K, capacity 1926K, committed 2176K, reserved 1048576K
}
Event: 874.696 GC heap after
{Heap after GC invocations=101 (full 14):
 garbage-first heap   total 445440K, used 333865K [0x00000000c2c00000, 0x0000000100000000)
  region size 1024K, 1 young (1024K), 1 survivors (1024K)
 Metaspace       used 17225K, capacity 17891K, committed 18560K, reserved 1064960K
  class space    used 1664K, capacity 1926K, committed 2176K, reserved 1048576K
}
Event: 874.761 GC heap before
{Heap before GC invocations=102 (full 14):
 garbage-first heap   total 445440K, used 343081K [0x00000000c2c00000, 0x0000000100000000)
  region size 1024K, 3 young (3072K), 1 survivors (1024K)
 Metaspace       used 17225K, capacity 17891K, committed 18560K, reserved 1064960K
  class space    used 1664K, capacity 1926K, committed 2176K, reserved 1048576K
}

