# JRE version: OpenJDK Runtime Environment (11.0.2+9) (build 11.0.2+9)
# Java VM: OpenJDK 64-Bit Server VM (11.0.2+9, mixed mode, tiered, compressed oops, g1 gc, linux-amd64)
Heap:
 garbage-first heap   total 455680K, used 272653K [0x00000000c2c00000, 0x0000000100000000)
  region size 1024K, 0 young (0K), 0 survivors (0K)
 Metaspace       used 17545K, capacity 18219K, committed 18432K, reserved 1064960K
  class space    used 1740K, capacity 2039K, committed 2048K, reserved 1048576K
GC Heap History (10 events):
Event: 46.098 GC heap after
{Heap after GC invocations=489 (full 7):
 garbage-first heap   total 352256K, used 209777K [0x00000000c2c00000, 0x0000000100000000)
  region size 1024K, 1 young (1024K), 1 survivors (1024K)
 Metaspace       used 17511K, capacity 18155K, committed 18432K, reserved 1064960K
  class space    used 1740K, capacity 2039K, committed 2048K, reserved 1048576K
}
Event: 46.185 GC heap before
{Heap before GC invocations=490 (full 7):
 garbage-first heap   total 352256K, used 217969K [0x00000000c2c00000, 0x0000000100000000)
  region size 1024K, 2 young (2048K), 1 survivors (1024K)
 Metaspace       used 17511K, capacity 18155K, committed 18432K, reserved 1064960K
  class space    used 1740K, capacity 2039K, committed 2048K, reserved 1048576K
}
Event: 46.186 GC heap after
{Heap after GC invocations=491 (full 7):
 garbage-first heap   total 352256K, used 209779K [0x00000000c2c00000, 0x0000000100000000)
  region size 1024K, 1 young (1024K), 1 survivors (1024K)
 Metaspace       used 17511K, capacity 18155K, committed 18432K, reserved 1064960K
  class space    used 1740K, capacity 2039K, committed 2048K, reserved 1048576K
}
Event: 46.250 GC heap before
{Heap before GC invocations=492 (full 7):
 garbage-first heap   total 352256K, used 217971K [0x00000000c2c00000, 0x0000000100000000)
  region size 1024K, 2 young (2048K), 1 survivors (1024K)
 Metaspace       used 17511K, capacity 18155K, committed 18432K, reserved 1064960K
  class space    used 1740K, capacity 2039K, committed 2048K, reserved 1048576K
}
Event: 46.251 GC heap after
{Heap after GC invocations=493 (full 7):
 garbage-first heap   total 352256K, used 209779K [0x00000000c2c00000, 0x0000000100000000)
  region size 1024K, 1 young (1024K), 1 survivors (1024K)
 Metaspace       used 17511K, capacity 18155K, committed 18432K, reserved 1064960K
  class space    used 1740K, capacity 2039K, committed 2048K, reserved 1048576K
}
Event: 46.497 GC heap before
{Heap before GC invocations=494 (full 7):
 garbage-first heap   total 352256K, used 232307K [0x00000000c2c00000, 0x0000000100000000)
  region size 1024K, 16 young (16384K), 1 survivors (1024K)
 Metaspace       used 17541K, capacity 18219K, committed 18432K, reserved 1064960K
  class space    used 1740K, capacity 2039K, committed 2048K, reserved 1048576K
}
Event: 46.506 GC heap after
{Heap after GC invocations=495 (full 7):
 garbage-first heap   total 352256K, used 217438K [0x00000000c2c00000, 0x0000000100000000)
  region size 1024K, 8 young (8192K), 8 survivors (8192K)
 Metaspace       used 17541K, capacity 18219K, committed 18432K, reserved 1064960K
  class space    used 1740K, capacity 2039K, committed 2048K, reserved 1048576K
}
Event: 46.623 GC heap before
{Heap before GC invocations=496 (full 7):
 garbage-first heap   total 352256K, used 277854K [0x00000000c2c00000, 0x0000000100000000)
  region size 1024K, 9 young (9216K), 8 survivors (8192K)
 Metaspace       used 17541K, capacity 18219K, committed 18432K, reserved 1064960K
  class space    used 1740K, capacity 2039K, committed 2048K, reserved 1048576K
}
Event: 46.630 GC heap after
{Heap after GC invocations=497 (full 7):
 garbage-first heap   total 352256K, used 277891K [0x00000000c2c00000, 0x0000000100000000)
  region size 1024K, 1 young (1024K), 1 survivors (1024K)
 Metaspace       used 17541K, capacity 18219K, committed 18432K, reserved 1064960K
  class space    used 1740K, capacity 2039K, committed 2048K, reserved 1048576K
}
Event: 46.722 GC heap before
{Heap before GC invocations=498 (full 7):
 garbage-first heap   total 352256K, used 287107K [0x00000000c2c00000, 0x0000000100000000)
  region size 1024K, 3 young (3072K), 1 survivors (1024K)
 Metaspace       used 17545K, capacity 18219K, committed 18432K, reserved 1064960K
  class space    used 1740K, capacity 2039K, committed 2048K, reserved 1048576K
}

